
> ui@0.0.0 dev
> vite


  VITE v8.0.10  ready in 680 ms

  ➜  Local:   http://localhost:5173/
  ➜  Network: use --host to expose
9:30:06 PM [vite] (client) hmr update /src/components/IntertopicDistanceMap.tsx, /src/index.css
9:30:11 PM [vite] (client) hmr update /src/components/TopicPieChart.tsx, /src/index.css
9:30:19 PM [vite] (client) hmr update /src/App.tsx, /src/index.css
9:30:24 PM [vite] (client) hmr update /src/App.tsx
9:41:25 PM [vite] (client) hmr update /src/components/IntertopicDistanceMap.tsx, /src/index.css
9:44:52 PM [vite] (client) hmr update /src/components/IntertopicDistanceMap.tsx, /src/index.css
9:57:15 PM [vite] (client) hmr update /src/App.tsx, /src/index.css
9:57:53 PM [vite] (client) hmr update /src/App.tsx, /src/index.css
10:01:05 PM [vite] (client) page reload /app/src/worker/pipeline.worker.ts
10:01:17 PM [vite] (client) hmr update /src/components/IntertopicDistanceMap.tsx, /src/index.css
10:02:38 PM [vite] (client) hmr update /src/App.tsx, /src/index.css
10:06:34 PM [vite] (client) hmr update /src/components/TopicBarchart.tsx, /src/index.css
10:07:07 PM [vite] (client) hmr update /src/components/TopicBarchart.tsx, /src/index.css
10:07:12 PM [vite] (client) hmr update /src/components/TopicPieChart.tsx, /src/index.css
10:07:45 PM [vite] (client) hmr update /src/components/SimilarityHeatmap.tsx, /src/index.css
10:08:51 PM [vite] (client) hmr update /src/components/TopicBarchart.tsx, /src/index.css
10:08:58 PM [vite] (client) hmr update /src/components/TopicPieChart.tsx, /src/index.css
10:09:30 PM [vite] (client) hmr update /src/components/IntertopicDistanceMap.tsx, /src/index.css
10:11:24 PM [vite] (client) hmr update /src/components/TopicPieChart.tsx, /src/index.css
10:21:04 PM [vite] (client) hmr update /src/App.tsx, /src/index.css
10:21:12 PM [vite] (client) hmr update /src/App.tsx, /src/index.css
